<?xml version="1.0" encoding="UTF-8"?>
<!-- Generated by org.testng.reporters.JUnitReportReporter -->
<testsuite hostname="LAPTOP-10IAH11K" failures="0" tests="1" name="TestCase.GoogleHomePageTest" time="19.708" errors="0" timestamp="2025-03-03T18:49:29 IST" skipped="0">
  <testcase classname="TestCase.GoogleHomePageTest" name="GoogleHomePage" time="19.708"/>
</testsuite> <!-- TestCase.GoogleHomePageTest -->
