<?xml version="1.0" encoding="UTF-8"?>
<!-- Generated by org.testng.reporters.JUnitReportReporter -->
<testsuite hostname="LAPTOP-10IAH11K" failures="0" tests="1" name="TestCase.GoogleHomePageTest" time="9.910" errors="0" timestamp="2025-02-28T14:53:25 IST" skipped="0">
  <testcase classname="TestCase.GoogleHomePageTest" name="GoogleHomePage" time="9.910"/>
</testsuite> <!-- TestCase.GoogleHomePageTest -->
